2024-07-05 05:41:56 - Starting Floor sheet scraping...
2024-07-05 05:41:56 - Fetching stock symbols from database
2024-07-05 05:41:58 - Number of Stocks fetched: 577
2024-07-05 05:41:58 - Starting scraping for stock: LSL
2024-07-05 05:41:58 - Launching browser for stock: LSL
2024-07-05 05:51:07 - Starting Floor sheet scraping...
2024-07-05 05:51:07 - Fetching stock symbols from database
2024-07-05 05:51:09 - Number of Stocks fetched: 577
2024-07-05 05:51:09 - Starting scraping for stock: LSL
2024-07-05 05:51:09 - Launching browser for stock: LSL
2024-07-05 05:54:12 - Starting Floor sheet scraping...
2024-07-05 05:54:12 - Fetching stock symbols from database
2024-07-05 05:54:14 - Number of Stocks fetched: 577
2024-07-05 05:54:14 - Starting scraping for stock: LSL
2024-07-05 05:54:14 - Launching browser for stock: LSL
2024-07-05 12:14:20 - Starting Floor sheet scraping...
2024-07-05 12:14:20 - Fetching stock symbols from database
2024-07-05 12:14:22 - Number of Stocks fetched: 577
2024-07-05 12:14:22 - Starting scraping for stock: LSL
2024-07-05 12:14:22 - Launching browser for stock: LSL
2024-07-05 12:29:43 - Starting Floor sheet scraping...
2024-07-05 12:29:43 - Fetching stock symbols from database
2024-07-05 12:29:45 - Number of Stocks fetched: 577
2024-07-05 12:29:45 - Starting scraping for stock: LSL
2024-07-05 12:29:45 - Launching browser for stock: LSL
