2024-07-05 05:41:58 - Initializing schedule_jobs...
2024-07-05 05:41:58 - Job scheduled successfully.
2024-07-05 05:41:58 - Today is not a scheduled day. Market is Closed.
2024-07-05 05:42:08 - Today is not a scheduled day. Market is Closed.
2024-07-05 05:42:18 - Today is not a scheduled day. Market is Closed.
2024-07-05 05:42:28 - Today is not a scheduled day. Market is Closed.
2024-07-05 05:42:38 - Today is not a scheduled day. Market is Closed.
2024-07-05 05:42:48 - Today is not a scheduled day. Market is Closed.
2024-07-05 05:42:58 - Today is not a scheduled day. Market is Closed.
2024-07-05 05:43:08 - Today is not a scheduled day. Market is Closed.
2024-07-05 05:43:18 - Today is not a scheduled day. Market is Closed.
2024-07-05 05:43:28 - Today is not a scheduled day. Market is Closed.
2024-07-05 05:43:38 - Today is not a scheduled day. Market is Closed.
2024-07-05 05:43:48 - Today is not a scheduled day. Market is Closed.
2024-07-05 05:43:51 - An unexpected error occurred in schedule_jobs: This event loop is already running
2024-07-05 05:43:51 - Attempting to restart schedule_jobs after a brief pause...
2024-07-05 05:51:10 - Initializing schedule_jobs...
2024-07-05 05:51:10 - Job scheduled successfully.
2024-07-05 05:51:10 - Today is not a scheduled day. Market is Closed.
2024-07-05 05:51:20 - Today is not a scheduled day. Market is Closed.
2024-07-05 05:51:30 - Today is not a scheduled day. Market is Closed.
2024-07-05 05:51:40 - Today is not a scheduled day. Market is Closed.
2024-07-05 05:51:50 - Today is not a scheduled day. Market is Closed.
2024-07-05 05:52:00 - Today is not a scheduled day. Market is Closed.
2024-07-05 05:52:10 - Today is not a scheduled day. Market is Closed.
2024-07-05 05:52:20 - Today is not a scheduled day. Market is Closed.
2024-07-05 05:52:30 - Today is not a scheduled day. Market is Closed.
2024-07-05 05:52:40 - Today is not a scheduled day. Market is Closed.
2024-07-05 05:52:50 - Today is not a scheduled day. Market is Closed.
2024-07-05 05:53:00 - Today is not a scheduled day. Market is Closed.
2024-07-05 05:53:10 - Today is not a scheduled day. Market is Closed.
2024-07-05 05:53:20 - Today is not a scheduled day. Market is Closed.
2024-07-05 05:53:30 - Today is not a scheduled day. Market is Closed.
2024-07-05 05:53:40 - Today is not a scheduled day. Market is Closed.
2024-07-05 05:53:50 - Today is not a scheduled day. Market is Closed.
2024-07-05 05:54:00 - Today is not a scheduled day. Market is Closed.
2024-07-05 05:54:07 - An unexpected error occurred in schedule_jobs: This event loop is already running
2024-07-05 05:54:07 - Attempting to restart schedule_jobs after a brief pause...
2024-07-05 05:54:14 - Initializing schedule_jobs...
2024-07-05 05:54:14 - Job scheduled successfully.
2024-07-05 05:54:14 - Today is not a scheduled day. Market is Closed.
2024-07-05 05:54:24 - Today is not a scheduled day. Market is Closed.
2024-07-05 05:54:34 - Today is not a scheduled day. Market is Closed.
2024-07-05 05:54:44 - Today is not a scheduled day. Market is Closed.
2024-07-05 05:54:54 - Today is not a scheduled day. Market is Closed.
2024-07-05 05:55:04 - Today is not a scheduled day. Market is Closed.
2024-07-05 05:55:14 - Today is not a scheduled day. Market is Closed.
2024-07-05 05:55:24 - Today is not a scheduled day. Market is Closed.
2024-07-05 05:55:34 - Today is not a scheduled day. Market is Closed.
2024-07-05 05:55:44 - Today is not a scheduled day. Market is Closed.
2024-07-05 05:55:54 - Today is not a scheduled day. Market is Closed.
2024-07-05 05:56:04 - Today is not a scheduled day. Market is Closed.
2024-07-05 05:56:14 - Today is not a scheduled day. Market is Closed.
2024-07-05 05:56:24 - Today is not a scheduled day. Market is Closed.
2024-07-05 05:56:34 - Today is not a scheduled day. Market is Closed.
2024-07-05 05:56:44 - Today is not a scheduled day. Market is Closed.
2024-07-05 05:56:54 - Today is not a scheduled day. Market is Closed.
2024-07-05 05:57:04 - Today is not a scheduled day. Market is Closed.
2024-07-05 05:57:14 - Today is not a scheduled day. Market is Closed.
2024-07-05 05:57:24 - Today is not a scheduled day. Market is Closed.
2024-07-05 05:57:34 - Today is not a scheduled day. Market is Closed.
2024-07-05 05:57:44 - Today is not a scheduled day. Market is Closed.
2024-07-05 05:57:54 - Today is not a scheduled day. Market is Closed.
2024-07-05 05:58:05 - Today is not a scheduled day. Market is Closed.
2024-07-05 05:58:15 - Today is not a scheduled day. Market is Closed.
2024-07-05 05:58:25 - Today is not a scheduled day. Market is Closed.
2024-07-05 05:58:35 - Today is not a scheduled day. Market is Closed.
2024-07-05 05:58:45 - Today is not a scheduled day. Market is Closed.
2024-07-05 05:58:55 - Today is not a scheduled day. Market is Closed.
2024-07-05 05:59:05 - Today is not a scheduled day. Market is Closed.
2024-07-05 05:59:15 - Today is not a scheduled day. Market is Closed.
2024-07-05 05:59:25 - Today is not a scheduled day. Market is Closed.
2024-07-05 05:59:35 - Today is not a scheduled day. Market is Closed.
2024-07-05 05:59:45 - Today is not a scheduled day. Market is Closed.
2024-07-05 05:59:55 - Today is not a scheduled day. Market is Closed.
2024-07-05 06:00:05 - Today is not a scheduled day. Market is Closed.
2024-07-05 06:00:15 - Today is not a scheduled day. Market is Closed.
2024-07-05 06:00:25 - Today is not a scheduled day. Market is Closed.
2024-07-05 06:00:35 - Today is not a scheduled day. Market is Closed.
2024-07-05 06:00:45 - Today is not a scheduled day. Market is Closed.
2024-07-05 06:00:55 - Today is not a scheduled day. Market is Closed.
2024-07-05 06:01:05 - Today is not a scheduled day. Market is Closed.
2024-07-05 06:01:15 - Today is not a scheduled day. Market is Closed.
2024-07-05 06:01:25 - Today is not a scheduled day. Market is Closed.
2024-07-05 06:01:35 - Today is not a scheduled day. Market is Closed.
2024-07-05 06:01:45 - Today is not a scheduled day. Market is Closed.
2024-07-05 06:01:55 - Today is not a scheduled day. Market is Closed.
2024-07-05 06:02:05 - Today is not a scheduled day. Market is Closed.
2024-07-05 06:02:09 - An unexpected error occurred in schedule_jobs: This event loop is already running
2024-07-05 06:02:09 - Attempting to restart schedule_jobs after a brief pause...
2024-07-05 12:14:22 - Initializing schedule_jobs...
2024-07-05 12:14:22 - Job scheduled successfully.
2024-07-05 12:14:22 - Today is not a scheduled day. Market is Closed.
2024-07-05 12:14:32 - Today is not a scheduled day. Market is Closed.
2024-07-05 12:14:42 - Today is not a scheduled day. Market is Closed.
2024-07-05 12:14:52 - Today is not a scheduled day. Market is Closed.
2024-07-05 12:15:02 - Today is not a scheduled day. Market is Closed.
2024-07-05 12:15:12 - Today is not a scheduled day. Market is Closed.
2024-07-05 12:15:22 - Today is not a scheduled day. Market is Closed.
2024-07-05 12:15:32 - Today is not a scheduled day. Market is Closed.
2024-07-05 12:15:42 - Today is not a scheduled day. Market is Closed.
2024-07-05 12:15:52 - Today is not a scheduled day. Market is Closed.
2024-07-05 12:16:02 - Today is not a scheduled day. Market is Closed.
2024-07-05 12:16:12 - Today is not a scheduled day. Market is Closed.
2024-07-05 12:16:22 - Today is not a scheduled day. Market is Closed.
2024-07-05 12:16:32 - Today is not a scheduled day. Market is Closed.
2024-07-05 12:16:42 - Today is not a scheduled day. Market is Closed.
2024-07-05 12:16:52 - Today is not a scheduled day. Market is Closed.
2024-07-05 12:17:03 - Today is not a scheduled day. Market is Closed.
2024-07-05 12:17:13 - Today is not a scheduled day. Market is Closed.
2024-07-05 12:17:23 - Today is not a scheduled day. Market is Closed.
2024-07-05 12:17:33 - Today is not a scheduled day. Market is Closed.
2024-07-05 12:17:43 - Today is not a scheduled day. Market is Closed.
2024-07-05 12:17:53 - Today is not a scheduled day. Market is Closed.
2024-07-05 12:18:03 - Today is not a scheduled day. Market is Closed.
2024-07-05 12:18:13 - Today is not a scheduled day. Market is Closed.
2024-07-05 12:18:23 - Today is not a scheduled day. Market is Closed.
2024-07-05 12:18:33 - Today is not a scheduled day. Market is Closed.
2024-07-05 12:18:43 - Today is not a scheduled day. Market is Closed.
2024-07-05 12:18:53 - Today is not a scheduled day. Market is Closed.
2024-07-05 12:19:03 - Today is not a scheduled day. Market is Closed.
2024-07-05 12:19:13 - Today is not a scheduled day. Market is Closed.
2024-07-05 12:19:23 - Today is not a scheduled day. Market is Closed.
2024-07-05 12:19:33 - Today is not a scheduled day. Market is Closed.
2024-07-05 12:19:43 - Today is not a scheduled day. Market is Closed.
2024-07-05 12:19:53 - Today is not a scheduled day. Market is Closed.
2024-07-05 12:20:03 - Today is not a scheduled day. Market is Closed.
2024-07-05 12:20:13 - Today is not a scheduled day. Market is Closed.
2024-07-05 12:20:23 - Today is not a scheduled day. Market is Closed.
2024-07-05 12:20:33 - Today is not a scheduled day. Market is Closed.
2024-07-05 12:20:43 - Today is not a scheduled day. Market is Closed.
2024-07-05 12:20:53 - Today is not a scheduled day. Market is Closed.
2024-07-05 12:21:03 - Today is not a scheduled day. Market is Closed.
2024-07-05 12:21:13 - Today is not a scheduled day. Market is Closed.
2024-07-05 12:21:23 - Today is not a scheduled day. Market is Closed.
2024-07-05 12:21:33 - Today is not a scheduled day. Market is Closed.
2024-07-05 12:21:43 - Today is not a scheduled day. Market is Closed.
2024-07-05 12:21:53 - Today is not a scheduled day. Market is Closed.
2024-07-05 12:22:03 - Today is not a scheduled day. Market is Closed.
2024-07-05 12:22:13 - Today is not a scheduled day. Market is Closed.
2024-07-05 12:22:23 - Today is not a scheduled day. Market is Closed.
2024-07-05 12:22:33 - Today is not a scheduled day. Market is Closed.
2024-07-05 12:22:43 - Today is not a scheduled day. Market is Closed.
2024-07-05 12:22:53 - Today is not a scheduled day. Market is Closed.
2024-07-05 12:23:03 - Today is not a scheduled day. Market is Closed.
2024-07-05 12:23:13 - Today is not a scheduled day. Market is Closed.
2024-07-05 12:23:23 - Today is not a scheduled day. Market is Closed.
2024-07-05 12:23:33 - Today is not a scheduled day. Market is Closed.
2024-07-05 12:23:43 - Today is not a scheduled day. Market is Closed.
2024-07-05 12:23:53 - Today is not a scheduled day. Market is Closed.
2024-07-05 12:24:03 - Today is not a scheduled day. Market is Closed.
2024-07-05 12:24:13 - Today is not a scheduled day. Market is Closed.
2024-07-05 12:24:23 - Today is not a scheduled day. Market is Closed.
2024-07-05 12:24:33 - Today is not a scheduled day. Market is Closed.
2024-07-05 12:24:43 - Today is not a scheduled day. Market is Closed.
2024-07-05 12:24:53 - Today is not a scheduled day. Market is Closed.
2024-07-05 12:25:03 - Today is not a scheduled day. Market is Closed.
2024-07-05 12:25:13 - Today is not a scheduled day. Market is Closed.
2024-07-05 12:25:23 - Today is not a scheduled day. Market is Closed.
2024-07-05 12:25:33 - Today is not a scheduled day. Market is Closed.
2024-07-05 12:25:43 - Today is not a scheduled day. Market is Closed.
2024-07-05 12:25:53 - Today is not a scheduled day. Market is Closed.
2024-07-05 12:26:03 - Today is not a scheduled day. Market is Closed.
2024-07-05 12:26:13 - Today is not a scheduled day. Market is Closed.
2024-07-05 12:26:23 - Today is not a scheduled day. Market is Closed.
2024-07-05 12:26:33 - Today is not a scheduled day. Market is Closed.
2024-07-05 12:26:43 - Today is not a scheduled day. Market is Closed.
2024-07-05 12:26:53 - Today is not a scheduled day. Market is Closed.
2024-07-05 12:27:03 - Today is not a scheduled day. Market is Closed.
2024-07-05 12:27:13 - Today is not a scheduled day. Market is Closed.
2024-07-05 12:27:23 - Today is not a scheduled day. Market is Closed.
2024-07-05 12:27:33 - Today is not a scheduled day. Market is Closed.
2024-07-05 12:27:43 - Today is not a scheduled day. Market is Closed.
2024-07-05 12:27:44 - An unexpected error occurred in schedule_jobs: This event loop is already running
2024-07-05 12:27:44 - Attempting to restart schedule_jobs after a brief pause...
2024-07-05 12:29:46 - Initializing schedule_jobs...
2024-07-05 12:29:46 - Job scheduled successfully.
2024-07-05 12:29:46 - Today is not a scheduled day. Market is Closed.
2024-07-05 12:29:56 - Today is not a scheduled day. Market is Closed.
2024-07-05 12:30:06 - Today is not a scheduled day. Market is Closed.
2024-07-05 12:30:16 - Today is not a scheduled day. Market is Closed.
2024-07-05 12:30:26 - Today is not a scheduled day. Market is Closed.
2024-07-05 12:30:36 - Today is not a scheduled day. Market is Closed.
2024-07-05 12:30:46 - Today is not a scheduled day. Market is Closed.
2024-07-05 12:30:56 - Today is not a scheduled day. Market is Closed.
2024-07-05 12:31:06 - Today is not a scheduled day. Market is Closed.
2024-07-05 12:31:16 - Today is not a scheduled day. Market is Closed.
2024-07-05 12:31:26 - Today is not a scheduled day. Market is Closed.
2024-07-05 12:31:36 - Today is not a scheduled day. Market is Closed.
2024-07-05 12:31:46 - Today is not a scheduled day. Market is Closed.
2024-07-05 12:31:56 - Today is not a scheduled day. Market is Closed.
2024-07-05 12:32:06 - Today is not a scheduled day. Market is Closed.
2024-07-05 12:32:16 - Today is not a scheduled day. Market is Closed.
2024-07-05 12:32:26 - Today is not a scheduled day. Market is Closed.
2024-07-05 12:32:36 - Today is not a scheduled day. Market is Closed.
2024-07-05 12:32:46 - Today is not a scheduled day. Market is Closed.
2024-07-05 12:32:56 - Today is not a scheduled day. Market is Closed.
2024-07-05 12:33:06 - Today is not a scheduled day. Market is Closed.
2024-07-05 12:33:16 - Today is not a scheduled day. Market is Closed.
2024-07-05 12:33:26 - Today is not a scheduled day. Market is Closed.
2024-07-05 12:33:36 - Today is not a scheduled day. Market is Closed.
2024-07-05 12:33:46 - Today is not a scheduled day. Market is Closed.
2024-07-05 12:33:56 - Today is not a scheduled day. Market is Closed.
2024-07-05 12:34:06 - Today is not a scheduled day. Market is Closed.
2024-07-05 12:34:16 - Today is not a scheduled day. Market is Closed.
2024-07-05 12:34:26 - Today is not a scheduled day. Market is Closed.
2024-07-05 12:34:36 - Today is not a scheduled day. Market is Closed.
2024-07-05 12:34:46 - Today is not a scheduled day. Market is Closed.
2024-07-05 12:34:56 - Today is not a scheduled day. Market is Closed.
2024-07-05 12:35:06 - Today is not a scheduled day. Market is Closed.
2024-07-05 12:35:16 - Today is not a scheduled day. Market is Closed.
2024-07-05 12:35:26 - Today is not a scheduled day. Market is Closed.
2024-07-05 12:35:36 - Today is not a scheduled day. Market is Closed.
2024-07-05 12:35:46 - Today is not a scheduled day. Market is Closed.
2024-07-05 12:35:56 - Today is not a scheduled day. Market is Closed.
2024-07-05 12:36:06 - Today is not a scheduled day. Market is Closed.
2024-07-05 12:36:16 - Today is not a scheduled day. Market is Closed.
2024-07-05 12:36:26 - Today is not a scheduled day. Market is Closed.
2024-07-05 12:36:36 - Today is not a scheduled day. Market is Closed.
2024-07-05 12:36:46 - Today is not a scheduled day. Market is Closed.
2024-07-05 12:36:56 - Today is not a scheduled day. Market is Closed.
2024-07-05 12:37:06 - Today is not a scheduled day. Market is Closed.
2024-07-05 12:37:16 - Today is not a scheduled day. Market is Closed.
2024-07-05 12:37:26 - Today is not a scheduled day. Market is Closed.
2024-07-05 12:37:36 - Today is not a scheduled day. Market is Closed.
2024-07-05 12:37:46 - Today is not a scheduled day. Market is Closed.
2024-07-05 12:37:56 - Today is not a scheduled day. Market is Closed.
2024-07-05 12:38:06 - Today is not a scheduled day. Market is Closed.
2024-07-05 12:38:16 - Today is not a scheduled day. Market is Closed.
2024-07-05 12:38:26 - Today is not a scheduled day. Market is Closed.
2024-07-05 12:38:36 - Today is not a scheduled day. Market is Closed.
2024-07-05 12:38:46 - Today is not a scheduled day. Market is Closed.
2024-07-05 12:38:56 - Today is not a scheduled day. Market is Closed.
2024-07-05 12:39:06 - Today is not a scheduled day. Market is Closed.
2024-07-05 12:39:16 - Today is not a scheduled day. Market is Closed.
2024-07-05 12:39:26 - Today is not a scheduled day. Market is Closed.
2024-07-05 12:39:36 - Today is not a scheduled day. Market is Closed.
2024-07-05 12:39:46 - Today is not a scheduled day. Market is Closed.
2024-07-05 12:39:56 - Today is not a scheduled day. Market is Closed.
2024-07-05 12:40:06 - Today is not a scheduled day. Market is Closed.
2024-07-05 12:40:16 - Today is not a scheduled day. Market is Closed.
2024-07-05 12:40:26 - Today is not a scheduled day. Market is Closed.
2024-07-05 12:40:36 - Today is not a scheduled day. Market is Closed.
2024-07-05 12:40:47 - Today is not a scheduled day. Market is Closed.
2024-07-05 12:40:57 - Today is not a scheduled day. Market is Closed.
2024-07-05 12:41:07 - Today is not a scheduled day. Market is Closed.
2024-07-05 12:41:17 - Today is not a scheduled day. Market is Closed.
2024-07-05 12:41:27 - Today is not a scheduled day. Market is Closed.
2024-07-05 12:41:37 - Today is not a scheduled day. Market is Closed.
2024-07-05 12:41:47 - Today is not a scheduled day. Market is Closed.
2024-07-05 12:41:57 - Today is not a scheduled day. Market is Closed.
2024-07-05 12:42:07 - Today is not a scheduled day. Market is Closed.
2024-07-05 12:42:17 - Today is not a scheduled day. Market is Closed.
2024-07-05 12:42:27 - Today is not a scheduled day. Market is Closed.
2024-07-05 12:42:37 - Today is not a scheduled day. Market is Closed.
2024-07-05 12:42:47 - Today is not a scheduled day. Market is Closed.
2024-07-05 12:42:57 - Today is not a scheduled day. Market is Closed.
2024-07-05 12:43:07 - Today is not a scheduled day. Market is Closed.
2024-07-05 12:43:17 - Today is not a scheduled day. Market is Closed.
2024-07-05 12:43:27 - Today is not a scheduled day. Market is Closed.
2024-07-05 12:43:37 - Today is not a scheduled day. Market is Closed.
2024-07-05 12:43:47 - Today is not a scheduled day. Market is Closed.
2024-07-05 12:43:57 - Today is not a scheduled day. Market is Closed.
2024-07-05 12:44:07 - Today is not a scheduled day. Market is Closed.
2024-07-05 12:44:17 - Today is not a scheduled day. Market is Closed.
2024-07-05 12:44:27 - Today is not a scheduled day. Market is Closed.
2024-07-05 12:44:37 - Today is not a scheduled day. Market is Closed.
2024-07-05 12:44:47 - Today is not a scheduled day. Market is Closed.
2024-07-05 12:44:57 - Today is not a scheduled day. Market is Closed.
2024-07-05 12:45:07 - Today is not a scheduled day. Market is Closed.
2024-07-05 12:45:17 - Today is not a scheduled day. Market is Closed.
2024-07-05 12:45:27 - Today is not a scheduled day. Market is Closed.
2024-07-05 12:45:37 - Today is not a scheduled day. Market is Closed.
2024-07-05 12:45:47 - Today is not a scheduled day. Market is Closed.
2024-07-05 12:45:57 - Today is not a scheduled day. Market is Closed.
2024-07-05 12:46:07 - Today is not a scheduled day. Market is Closed.
2024-07-05 12:46:17 - Today is not a scheduled day. Market is Closed.
2024-07-05 12:46:27 - Today is not a scheduled day. Market is Closed.
2024-07-05 12:46:37 - Today is not a scheduled day. Market is Closed.
2024-07-05 12:46:47 - Today is not a scheduled day. Market is Closed.
2024-07-05 12:46:57 - Today is not a scheduled day. Market is Closed.
2024-07-05 12:47:07 - Today is not a scheduled day. Market is Closed.
2024-07-05 12:47:17 - Today is not a scheduled day. Market is Closed.
2024-07-05 12:47:27 - Today is not a scheduled day. Market is Closed.
2024-07-05 12:47:37 - Today is not a scheduled day. Market is Closed.
2024-07-05 12:47:47 - Today is not a scheduled day. Market is Closed.
2024-07-05 12:47:57 - Today is not a scheduled day. Market is Closed.
2024-07-05 12:48:07 - Today is not a scheduled day. Market is Closed.
2024-07-05 12:48:17 - Today is not a scheduled day. Market is Closed.
2024-07-05 12:48:27 - Today is not a scheduled day. Market is Closed.
2024-07-05 12:48:37 - Today is not a scheduled day. Market is Closed.
2024-07-05 12:48:47 - Today is not a scheduled day. Market is Closed.
2024-07-05 12:48:57 - Today is not a scheduled day. Market is Closed.
2024-07-05 12:49:07 - Today is not a scheduled day. Market is Closed.
2024-07-05 12:49:17 - Today is not a scheduled day. Market is Closed.
2024-07-05 12:49:27 - Today is not a scheduled day. Market is Closed.
